<?xml version="1.0" encoding="UTF-8"?>
<!-- Generated by org.testng.reporters.JUnitReportReporter -->
<testsuite hostname="DESKTOP-988GJ91" failures="0" tests="1" name="testcase.VerifyOmayoHomePage" time="15.228" errors="0" timestamp="2023-05-07T12:48:57 IST" skipped="0">
  <testcase classname="testcase.VerifyOmayoHomePage" name="verifyOmayoPage" time="15.228"/>
  <system-out/>
</testsuite> <!-- testcase.VerifyOmayoHomePage -->
