<?xml version="1.0" encoding="UTF-8"?>
<!-- Generated by org.testng.reporters.JUnitReportReporter -->
<testsuite hostname="DESKTOP-988GJ91" failures="0" tests="1" name="testcase.VerifyApplicationPageTitel" time="7.877" errors="0" timestamp="2023-05-06T00:52:57 IST" skipped="0">
  <testcase classname="testcase.VerifyApplicationPageTitel" name="verifyPageTitle" time="7.877"/>
  <system-out>
    <![CDATA[Test Case StartedverifyPageTitle
Test Case SuccessverifyPageTitle]]>
  </system-out>
</testsuite> <!-- testcase.VerifyApplicationPageTitel -->
