<?xml version="1.0" encoding="UTF-8"?>
<!-- Generated by org.testng.reporters.JUnitReportReporter -->
<testsuite hostname="DESKTOP-988GJ91" failures="0" tests="1" name="testcase.VerifyNewToursRegistration" time="90.867" errors="0" timestamp="2023-05-06T23:32:20 IST" skipped="0">
  <testcase classname="testcase.VerifyNewToursRegistration" name="VerifyRegistartion" time="90.867"/>
  <system-out/>
</testsuite> <!-- testcase.VerifyNewToursRegistration -->
