<?xml version="1.0" encoding="UTF-8"?>
<!-- Generated by org.testng.reporters.JUnitReportReporter -->
<testsuite skipped="0" hostname="DESKTOP-988GJ91" name="testcase.VerifyOmayoHomePage" tests="1" failures="0" timestamp="2023-05-12T21:02:01 IST" time="99.128" errors="0">
  <testcase name="verifyOmayoPage" time="99.128" classname="testcase.VerifyOmayoHomePage"/>
  <system-out/>
</testsuite> <!-- testcase.VerifyOmayoHomePage -->
