<?xml version="1.0" encoding="UTF-8"?>
<!-- Generated by org.testng.reporters.JUnitReportReporter -->
<testsuite hostname="DESKTOP-988GJ91" failures="0" tests="1" name="testcase.VerifyCheckboxesAndRadioButtonByDefaultBehavoure" time="10.983" errors="0" timestamp="2023-05-11T14:33:21 IST" skipped="0">
  <testcase classname="testcase.VerifyCheckboxesAndRadioButtonByDefaultBehavoure" name="verifyCheckboxesAndRadioButtonBehaviours" time="10.983"/>
  <system-out/>
</testsuite> <!-- testcase.VerifyCheckboxesAndRadioButtonByDefaultBehavoure -->
