<?xml version="1.0" encoding="UTF-8"?>
<!-- Generated by org.testng.reporters.JUnitReportReporter -->
<testsuite skipped="0" hostname="DESKTOP-988GJ91" name="testcase.datePickerExampleTestCase" tests="1" failures="0" timestamp="2023-05-12T23:29:06 IST" time="77.604" errors="0">
  <testcase name="Setup" time="77.604" classname="testcase.datePickerExampleTestCase"/>
  <system-out/>
</testsuite> <!-- testcase.datePickerExampleTestCase -->
