<?xml version="1.0" encoding="UTF-8"?>
<!-- Generated by org.testng.reporters.JUnitReportReporter -->
<testsuite hostname="DESKTOP-988GJ91" failures="0" tests="1" name="testcase.VerifyCheckboxesAndRadioButtonByDefaultBehavoure" time="19.913" errors="0" timestamp="2023-05-07T13:41:42 IST" skipped="0">
  <testcase classname="testcase.VerifyCheckboxesAndRadioButtonByDefaultBehavoure" name="verifyCheckboxesAndRadioButtonBehaviours" time="19.913"/>
  <system-out/>
</testsuite> <!-- testcase.VerifyCheckboxesAndRadioButtonByDefaultBehavoure -->
